Capturing 802.11 frames on en0.
Session saved to /tmp/airportSniff8hjr9p.cap.
Capturing 802.11 frames on en0.
Session saved to /tmp/airportSniffGRTLFQ.cap.
Capturing 802.11 frames on en0.
Session saved to /tmp/airportSniffZvXTJe.cap.
Capturing 802.11 frames on en0.
Session saved to /tmp/airportSniffgWAaR2.cap.
Capturing 802.11 frames on en0.
Session saved to /tmp/airportSniffmaukX3.cap.
Error configuring channel.
Capturing 802.11 frames on en0.
Session saved to /tmp/airportSniffh5pkqx.cap.
Capturing 802.11 frames on en0.
Session saved to /tmp/airportSniffmXfbPN.cap.
Capturing 802.11 frames on en0.
Session saved to /tmp/airportSniffu0d3tA.cap.
Capturing 802.11 frames on en0.
Session saved to /tmp/airportSniffg7UkEo.cap.
Capturing 802.11 frames on en0.
Session saved to /tmp/airportSniffzJwcHB.cap.
Capturing 802.11 frames on en0.
Session saved to /tmp/airportSniffpznG0S.cap.
Capturing 802.11 frames on en0.
Session saved to /tmp/airportSniffdpsar4.cap.
Capturing 802.11 frames on en0.
Session saved to /tmp/airportSniffiFT6WV.cap.
